<?xml version="1.0" encoding="UTF-8"?>
<robot generator="Robot 3.0.2 (Python 3.6.3 on win32)" generated="20180226 17:25:48.083">
<suite id="s1" name="Test Suit" source="C:\Users\c5267129\Documents\GitHub\rebot_framework\rf_test\test_suit.robot">
<test id="s1-t1" name="case set variable">
<kw name="Set Variable" library="BuiltIn">
<doc>Returns the given values which can then be assigned to a variables.</doc>
<arguments>
<arg>python</arg>
</arguments>
<assign>
<var>${a}</var>
</assign>
<msg timestamp="20180226 17:25:48.318" level="INFO">${a} = python</msg>
<status status="PASS" starttime="20180226 17:25:48.318" endtime="20180226 17:25:48.318"></status>
</kw>
<kw name="Log" library="BuiltIn">
<doc>Logs the given message with the given level.</doc>
<arguments>
<arg>${a}</arg>
</arguments>
<msg timestamp="20180226 17:25:48.319" level="INFO">python</msg>
<status status="PASS" starttime="20180226 17:25:48.319" endtime="20180226 17:25:48.319"></status>
</kw>
<status status="PASS" starttime="20180226 17:25:48.312" endtime="20180226 17:25:48.319" critical="yes"></status>
</test>
<test id="s1-t2" name="case Catenate">
<kw name="Catenate" library="BuiltIn">
<doc>Catenates the given items together and returns the resulted string.</doc>
<arguments>
<arg>hello</arg>
<arg>world</arg>
</arguments>
<assign>
<var>${b}</var>
</assign>
<msg timestamp="20180226 17:25:48.331" level="INFO">${b} = hello world</msg>
<status status="PASS" starttime="20180226 17:25:48.330" endtime="20180226 17:25:48.331"></status>
</kw>
<kw name="Log" library="BuiltIn">
<doc>Logs the given message with the given level.</doc>
<arguments>
<arg>${b}</arg>
</arguments>
<msg timestamp="20180226 17:25:48.332" level="INFO">hello world</msg>
<status status="PASS" starttime="20180226 17:25:48.331" endtime="20180226 17:25:48.332"></status>
</kw>
<status status="PASS" starttime="20180226 17:25:48.329" endtime="20180226 17:25:48.332" critical="yes"></status>
</test>
<test id="s1-t3" name="case Separator">
<kw name="Catenate" library="BuiltIn">
<doc>Catenates the given items together and returns the resulted string.</doc>
<arguments>
<arg>Separator=---</arg>
<arg>hello</arg>
<arg>world</arg>
</arguments>
<assign>
<var>${c}</var>
</assign>
<msg timestamp="20180226 17:25:48.340" level="INFO">${c} = Separator=--- hello world</msg>
<status status="PASS" starttime="20180226 17:25:48.339" endtime="20180226 17:25:48.340"></status>
</kw>
<kw name="Log" library="BuiltIn">
<doc>Logs the given message with the given level.</doc>
<arguments>
<arg>${c}</arg>
</arguments>
<msg timestamp="20180226 17:25:48.342" level="INFO">Separator=--- hello world</msg>
<status status="PASS" starttime="20180226 17:25:48.341" endtime="20180226 17:25:48.342"></status>
</kw>
<status status="PASS" starttime="20180226 17:25:48.333" endtime="20180226 17:25:48.342" critical="yes"></status>
</test>
<test id="s1-t4" name="case list">
<kw name="Create List" library="BuiltIn">
<doc>Returns a list containing given items.</doc>
<arguments>
<arg>a</arg>
<arg>b</arg>
<arg>c</arg>
</arguments>
<assign>
<var>@{abc}</var>
</assign>
<msg timestamp="20180226 17:25:48.344" level="INFO">@{abc} = [ a | b | c ]</msg>
<status status="PASS" starttime="20180226 17:25:48.344" endtime="20180226 17:25:48.344"></status>
</kw>
<kw name="Log Many" library="BuiltIn">
<doc>Logs the given messages as separate entries using the INFO level.</doc>
<arguments>
<arg>@{abc}</arg>
</arguments>
<msg timestamp="20180226 17:25:48.345" level="INFO">a</msg>
<msg timestamp="20180226 17:25:48.345" level="INFO">b</msg>
<msg timestamp="20180226 17:25:48.345" level="INFO">c</msg>
<status status="PASS" starttime="20180226 17:25:48.345" endtime="20180226 17:25:48.345"></status>
</kw>
<status status="PASS" starttime="20180226 17:25:48.343" endtime="20180226 17:25:48.345" critical="yes"></status>
</test>
<test id="s1-t5" name="case get time">
<kw name="Get Time" library="BuiltIn">
<doc>Returns the given time in the requested format.</doc>
<assign>
<var>${d}</var>
</assign>
<msg timestamp="20180226 17:25:48.351" level="INFO">${d} = 2018-02-26 17:25:48</msg>
<status status="PASS" starttime="20180226 17:25:48.350" endtime="20180226 17:25:48.351"></status>
</kw>
<kw name="Log" library="BuiltIn">
<doc>Logs the given message with the given level.</doc>
<arguments>
<arg>${d}</arg>
</arguments>
<msg timestamp="20180226 17:25:48.352" level="INFO">2018-02-26 17:25:48</msg>
<status status="PASS" starttime="20180226 17:25:48.352" endtime="20180226 17:25:48.353"></status>
</kw>
<status status="PASS" starttime="20180226 17:25:48.349" endtime="20180226 17:25:48.353" critical="yes"></status>
</test>
<test id="s1-t6" name="case sleep">
<kw name="Get Time" library="BuiltIn">
<doc>Returns the given time in the requested format.</doc>
<assign>
<var>${e}</var>
</assign>
<msg timestamp="20180226 17:25:48.364" level="INFO">${e} = 2018-02-26 17:25:48</msg>
<status status="PASS" starttime="20180226 17:25:48.364" endtime="20180226 17:25:48.364"></status>
</kw>
<kw name="Log" library="BuiltIn">
<doc>Logs the given message with the given level.</doc>
<arguments>
<arg>${e}</arg>
</arguments>
<msg timestamp="20180226 17:25:48.365" level="INFO">2018-02-26 17:25:48</msg>
<status status="PASS" starttime="20180226 17:25:48.365" endtime="20180226 17:25:48.365"></status>
</kw>
<kw name="Sleep" library="BuiltIn">
<doc>Pauses the test executed for the given time.</doc>
<arguments>
<arg>5</arg>
</arguments>
<msg timestamp="20180226 17:25:53.368" level="INFO">Slept 5 seconds</msg>
<status status="PASS" starttime="20180226 17:25:48.366" endtime="20180226 17:25:53.368"></status>
</kw>
<kw name="Get Time" library="BuiltIn">
<doc>Returns the given time in the requested format.</doc>
<assign>
<var>${e}</var>
</assign>
<msg timestamp="20180226 17:25:53.369" level="INFO">${e} = 2018-02-26 17:25:53</msg>
<status status="PASS" starttime="20180226 17:25:53.369" endtime="20180226 17:25:53.369"></status>
</kw>
<kw name="Log" library="BuiltIn">
<doc>Logs the given message with the given level.</doc>
<arguments>
<arg>${e}</arg>
</arguments>
<msg timestamp="20180226 17:25:53.370" level="INFO">2018-02-26 17:25:53</msg>
<status status="PASS" starttime="20180226 17:25:53.370" endtime="20180226 17:25:53.370"></status>
</kw>
<status status="PASS" starttime="20180226 17:25:48.360" endtime="20180226 17:25:53.371" critical="yes"></status>
</test>
<test id="s1-t7" name="case If">
<kw name="Set Variable" library="BuiltIn">
<doc>Returns the given values which can then be assigned to a variables.</doc>
<arguments>
<arg>59</arg>
</arguments>
<assign>
<var>${a}</var>
</assign>
<msg timestamp="20180226 17:25:53.374" level="INFO">${a} = 59</msg>
<status status="PASS" starttime="20180226 17:25:53.374" endtime="20180226 17:25:53.374"></status>
</kw>
<kw name="Run Keyword If" library="BuiltIn">
<doc>Runs the given keyword with the given arguments, if ``condition`` is true.</doc>
<arguments>
<arg>${a}&gt;=90</arg>
<arg>log very good</arg>
<arg>ELSE IF</arg>
<arg>${a}&lt;=70</arg>
<arg>log</arg>
<arg>良好</arg>
<arg>ELSE IF</arg>
<arg>${a}&lt;=60</arg>
<arg>log</arg>
<arg>及格</arg>
<arg>ELSE</arg>
<arg>log</arg>
<arg>不及格</arg>
</arguments>
<kw name="Log" library="BuiltIn">
<doc>Logs the given message with the given level.</doc>
<arguments>
<arg>良好</arg>
</arguments>
<msg timestamp="20180226 17:25:53.376" level="INFO">良好</msg>
<status status="PASS" starttime="20180226 17:25:53.376" endtime="20180226 17:25:53.376"></status>
</kw>
<status status="PASS" starttime="20180226 17:25:53.375" endtime="20180226 17:25:53.376"></status>
</kw>
<status status="PASS" starttime="20180226 17:25:53.373" endtime="20180226 17:25:53.377" critical="yes"></status>
</test>
<test id="s1-t8" name="case for">
<kw name="${i} IN RANGE [ 10 ]" type="for">
<kw name="${i} = 0" type="foritem">
<kw name="Log" library="BuiltIn">
<doc>Logs the given message with the given level.</doc>
<arguments>
<arg>${i}</arg>
</arguments>
<msg timestamp="20180226 17:25:53.382" level="INFO">0</msg>
<status status="PASS" starttime="20180226 17:25:53.382" endtime="20180226 17:25:53.382"></status>
</kw>
<status status="PASS" starttime="20180226 17:25:53.381" endtime="20180226 17:25:53.383"></status>
</kw>
<kw name="${i} = 1" type="foritem">
<kw name="Log" library="BuiltIn">
<doc>Logs the given message with the given level.</doc>
<arguments>
<arg>${i}</arg>
</arguments>
<msg timestamp="20180226 17:25:53.383" level="INFO">1</msg>
<status status="PASS" starttime="20180226 17:25:53.383" endtime="20180226 17:25:53.383"></status>
</kw>
<status status="PASS" starttime="20180226 17:25:53.383" endtime="20180226 17:25:53.383"></status>
</kw>
<kw name="${i} = 2" type="foritem">
<kw name="Log" library="BuiltIn">
<doc>Logs the given message with the given level.</doc>
<arguments>
<arg>${i}</arg>
</arguments>
<msg timestamp="20180226 17:25:53.384" level="INFO">2</msg>
<status status="PASS" starttime="20180226 17:25:53.384" endtime="20180226 17:25:53.384"></status>
</kw>
<status status="PASS" starttime="20180226 17:25:53.383" endtime="20180226 17:25:53.384"></status>
</kw>
<kw name="${i} = 3" type="foritem">
<kw name="Log" library="BuiltIn">
<doc>Logs the given message with the given level.</doc>
<arguments>
<arg>${i}</arg>
</arguments>
<msg timestamp="20180226 17:25:53.385" level="INFO">3</msg>
<status status="PASS" starttime="20180226 17:25:53.384" endtime="20180226 17:25:53.385"></status>
</kw>
<status status="PASS" starttime="20180226 17:25:53.384" endtime="20180226 17:25:53.385"></status>
</kw>
<kw name="${i} = 4" type="foritem">
<kw name="Log" library="BuiltIn">
<doc>Logs the given message with the given level.</doc>
<arguments>
<arg>${i}</arg>
</arguments>
<msg timestamp="20180226 17:25:53.386" level="INFO">4</msg>
<status status="PASS" starttime="20180226 17:25:53.385" endtime="20180226 17:25:53.386"></status>
</kw>
<status status="PASS" starttime="20180226 17:25:53.385" endtime="20180226 17:25:53.386"></status>
</kw>
<kw name="${i} = 5" type="foritem">
<kw name="Log" library="BuiltIn">
<doc>Logs the given message with the given level.</doc>
<arguments>
<arg>${i}</arg>
</arguments>
<msg timestamp="20180226 17:25:53.386" level="INFO">5</msg>
<status status="PASS" starttime="20180226 17:25:53.386" endtime="20180226 17:25:53.387"></status>
</kw>
<status status="PASS" starttime="20180226 17:25:53.386" endtime="20180226 17:25:53.388"></status>
</kw>
<kw name="${i} = 6" type="foritem">
<kw name="Log" library="BuiltIn">
<doc>Logs the given message with the given level.</doc>
<arguments>
<arg>${i}</arg>
</arguments>
<msg timestamp="20180226 17:25:53.389" level="INFO">6</msg>
<status status="PASS" starttime="20180226 17:25:53.389" endtime="20180226 17:25:53.389"></status>
</kw>
<status status="PASS" starttime="20180226 17:25:53.388" endtime="20180226 17:25:53.390"></status>
</kw>
<kw name="${i} = 7" type="foritem">
<kw name="Log" library="BuiltIn">
<doc>Logs the given message with the given level.</doc>
<arguments>
<arg>${i}</arg>
</arguments>
<msg timestamp="20180226 17:25:53.391" level="INFO">7</msg>
<status status="PASS" starttime="20180226 17:25:53.390" endtime="20180226 17:25:53.391"></status>
</kw>
<status status="PASS" starttime="20180226 17:25:53.390" endtime="20180226 17:25:53.391"></status>
</kw>
<kw name="${i} = 8" type="foritem">
<kw name="Log" library="BuiltIn">
<doc>Logs the given message with the given level.</doc>
<arguments>
<arg>${i}</arg>
</arguments>
<msg timestamp="20180226 17:25:53.393" level="INFO">8</msg>
<status status="PASS" starttime="20180226 17:25:53.392" endtime="20180226 17:25:53.393"></status>
</kw>
<status status="PASS" starttime="20180226 17:25:53.392" endtime="20180226 17:25:53.393"></status>
</kw>
<kw name="${i} = 9" type="foritem">
<kw name="Log" library="BuiltIn">
<doc>Logs the given message with the given level.</doc>
<arguments>
<arg>${i}</arg>
</arguments>
<msg timestamp="20180226 17:25:53.394" level="INFO">9</msg>
<status status="PASS" starttime="20180226 17:25:53.393" endtime="20180226 17:25:53.394"></status>
</kw>
<status status="PASS" starttime="20180226 17:25:53.393" endtime="20180226 17:25:53.394"></status>
</kw>
<status status="PASS" starttime="20180226 17:25:53.381" endtime="20180226 17:25:53.394"></status>
</kw>
<status status="PASS" starttime="20180226 17:25:53.380" endtime="20180226 17:25:53.395" critical="yes"></status>
</test>
<test id="s1-t9" name="case for each">
<kw name="Create List" library="BuiltIn">
<doc>Returns a list containing given items.</doc>
<arguments>
<arg>a</arg>
<arg>b</arg>
<arg>c</arg>
</arguments>
<assign>
<var>@{abc}</var>
</assign>
<msg timestamp="20180226 17:25:53.398" level="INFO">@{abc} = [ a | b | c ]</msg>
<status status="PASS" starttime="20180226 17:25:53.397" endtime="20180226 17:25:53.398"></status>
</kw>
<kw name="${i} IN [ @{abc} ]" type="for">
<kw name="${i} = a" type="foritem">
<kw name="Log" library="BuiltIn">
<doc>Logs the given message with the given level.</doc>
<arguments>
<arg>${i}</arg>
</arguments>
<msg timestamp="20180226 17:25:53.400" level="INFO">a</msg>
<status status="PASS" starttime="20180226 17:25:53.399" endtime="20180226 17:25:53.400"></status>
</kw>
<status status="PASS" starttime="20180226 17:25:53.399" endtime="20180226 17:25:53.400"></status>
</kw>
<kw name="${i} = b" type="foritem">
<kw name="Log" library="BuiltIn">
<doc>Logs the given message with the given level.</doc>
<arguments>
<arg>${i}</arg>
</arguments>
<msg timestamp="20180226 17:25:53.403" level="INFO">b</msg>
<status status="PASS" starttime="20180226 17:25:53.401" endtime="20180226 17:25:53.403"></status>
</kw>
<status status="PASS" starttime="20180226 17:25:53.400" endtime="20180226 17:25:53.403"></status>
</kw>
<kw name="${i} = c" type="foritem">
<kw name="Log" library="BuiltIn">
<doc>Logs the given message with the given level.</doc>
<arguments>
<arg>${i}</arg>
</arguments>
<msg timestamp="20180226 17:25:53.404" level="INFO">c</msg>
<status status="PASS" starttime="20180226 17:25:53.404" endtime="20180226 17:25:53.404"></status>
</kw>
<status status="PASS" starttime="20180226 17:25:53.404" endtime="20180226 17:25:53.405"></status>
</kw>
<status status="PASS" starttime="20180226 17:25:53.399" endtime="20180226 17:25:53.405"></status>
</kw>
<status status="PASS" starttime="20180226 17:25:53.396" endtime="20180226 17:25:53.405" critical="yes"></status>
</test>
<test id="s1-t10" name="case evauate">
<kw name="Evaluate" library="BuiltIn">
<doc>Evaluates the given expression in Python and returns the results.</doc>
<arguments>
<arg>random.randint(1000, 9999)</arg>
<arg>random</arg>
</arguments>
<assign>
<var>${d}</var>
</assign>
<msg timestamp="20180226 17:25:53.410" level="INFO">${d} = 8160</msg>
<status status="PASS" starttime="20180226 17:25:53.409" endtime="20180226 17:25:53.410"></status>
</kw>
<kw name="Log" library="BuiltIn">
<doc>Logs the given message with the given level.</doc>
<arguments>
<arg>${d}</arg>
</arguments>
<msg timestamp="20180226 17:25:53.412" level="INFO">8160</msg>
<status status="PASS" starttime="20180226 17:25:53.412" endtime="20180226 17:25:53.412"></status>
</kw>
<status status="PASS" starttime="20180226 17:25:53.407" endtime="20180226 17:25:53.413" critical="yes"></status>
</test>
<test id="s1-t11" name="case import">
<kw name="Import Library" library="BuiltIn">
<doc>Imports a library with the given name and optional arguments.</doc>
<arguments>
<arg>C:/Users/c5267129/Documents/GitHub/rebot_framework/rf_test/count.py</arg>
</arguments>
<status status="PASS" starttime="20180226 17:25:53.415" endtime="20180226 17:25:53.421"></status>
</kw>
<kw name="Evaluate" library="BuiltIn">
<doc>Evaluates the given expression in Python and returns the results.</doc>
<arguments>
<arg>int(4)</arg>
</arguments>
<assign>
<var>${a}</var>
</assign>
<msg timestamp="20180226 17:25:53.423" level="INFO">${a} = 4</msg>
<status status="PASS" starttime="20180226 17:25:53.422" endtime="20180226 17:25:53.423"></status>
</kw>
<kw name="Evaluate" library="BuiltIn">
<doc>Evaluates the given expression in Python and returns the results.</doc>
<arguments>
<arg>int(5)</arg>
</arguments>
<assign>
<var>${b}</var>
</assign>
<msg timestamp="20180226 17:25:53.424" level="INFO">${b} = 5</msg>
<status status="PASS" starttime="20180226 17:25:53.423" endtime="20180226 17:25:53.424"></status>
</kw>
<kw name="Add" library="count">
<arguments>
<arg>${a}</arg>
<arg>${b}</arg>
</arguments>
<assign>
<var>${add}</var>
</assign>
<msg timestamp="20180226 17:25:53.425" level="INFO">${add} = 9</msg>
<status status="PASS" starttime="20180226 17:25:53.425" endtime="20180226 17:25:53.425"></status>
</kw>
<kw name="Log" library="BuiltIn">
<doc>Logs the given message with the given level.</doc>
<arguments>
<arg>${add}</arg>
</arguments>
<msg timestamp="20180226 17:25:53.426" level="INFO">9</msg>
<status status="PASS" starttime="20180226 17:25:53.426" endtime="20180226 17:25:53.426"></status>
</kw>
<status status="PASS" starttime="20180226 17:25:53.415" endtime="20180226 17:25:53.427" critical="yes"></status>
</test>
<test id="s1-t12" name="case Baidu search">
<kw name="Open Browser" library="SeleniumLibrary">
<doc>Opens a new browser instance to the given ``url``.</doc>
<arguments>
<arg>https://www.baidu.com</arg>
<arg>chrome</arg>
</arguments>
<msg timestamp="20180226 17:25:53.439" level="INFO">Opening browser 'chrome' to base url 'https://www.baidu.com'.</msg>
<status status="PASS" starttime="20180226 17:25:53.439" endtime="20180226 17:26:05.127"></status>
</kw>
<kw name="Input Text" library="SeleniumLibrary">
<doc>Types the given ``text`` into text field identified by ``locator``.</doc>
<arguments>
<arg>id:kw</arg>
<arg>selenium</arg>
</arguments>
<msg timestamp="20180226 17:26:05.128" level="INFO">Typing text 'selenium' into text field 'id:kw'.</msg>
<status status="PASS" starttime="20180226 17:26:05.128" endtime="20180226 17:26:05.357"></status>
</kw>
<kw name="Click Button" library="SeleniumLibrary">
<doc>Clicks button identified by ``locator``.</doc>
<arguments>
<arg>id:su</arg>
</arguments>
<msg timestamp="20180226 17:26:05.358" level="INFO">Clicking button 'id:su'.</msg>
<status status="PASS" starttime="20180226 17:26:05.358" endtime="20180226 17:26:05.467"></status>
</kw>
<kw name="Evaluate" library="BuiltIn">
<doc>Evaluates the given expression in Python and returns the results.</doc>
<arguments>
<arg>time.sleep(2)</arg>
<arg>time</arg>
</arguments>
<status status="PASS" starttime="20180226 17:26:05.468" endtime="20180226 17:26:07.469"></status>
</kw>
<kw name="Get Title" library="SeleniumLibrary">
<doc>Returns the title of current page.</doc>
<assign>
<var>${title}</var>
</assign>
<msg timestamp="20180226 17:26:07.488" level="INFO">${title} = selenium_百度搜索</msg>
<status status="PASS" starttime="20180226 17:26:07.470" endtime="20180226 17:26:07.489"></status>
</kw>
<kw name="Should Contain" library="BuiltIn">
<doc>Fails if ``container`` does not contain ``item`` one or more times.</doc>
<arguments>
<arg>${title}</arg>
<arg>selenium</arg>
</arguments>
<status status="PASS" starttime="20180226 17:26:07.490" endtime="20180226 17:26:07.490"></status>
</kw>
<kw name="Close Browser" library="SeleniumLibrary">
<doc>Closes the current browser.</doc>
<status status="PASS" starttime="20180226 17:26:07.491" endtime="20180226 17:26:11.056"></status>
</kw>
<status status="PASS" starttime="20180226 17:25:53.430" endtime="20180226 17:26:11.057" critical="yes"></status>
</test>
<status status="PASS" starttime="20180226 17:25:48.089" endtime="20180226 17:26:11.061"></status>
</suite>
<statistics>
<total>
<stat pass="12" fail="0">Critical Tests</stat>
<stat pass="12" fail="0">All Tests</stat>
</total>
<tag>
</tag>
<suite>
<stat pass="12" fail="0" id="s1" name="Test Suit">Test Suit</stat>
</suite>
</statistics>
<errors>
</errors>
</robot>
